<?xml version="1.0" encoding="UTF-8"?>
<testng-results skipped="0" failed="0" total="4" passed="4">
  <reporter-output>
  </reporter-output>
  <suite name="Default suite" duration-ms="1701" started-at="2015-01-14T08:17:55Z" finished-at="2015-01-14T08:17:56Z">
    <groups>
    </groups>
    <test name="Default test" duration-ms="1701" started-at="2015-01-14T08:17:55Z" finished-at="2015-01-14T08:17:56Z">
      <class name="com.extended.list.ExtendedListPerformanceTest">
        <test-method status="PASS" signature="runTest()[pri:0, instance:com.extended.list.ExtendedListPerformanceTest@44822268]" name="runTest" duration-ms="112" started-at="2015-01-14T10:17:55Z" finished-at="2015-01-14T10:17:55Z">
          <reporter-output>
          </reporter-output>
        </test-method> <!-- runTest -->
        <test-method status="PASS" signature="runTest()[pri:0, instance:com.extended.list.ExtendedListPerformanceTest@44822268]" name="runTest" duration-ms="77" started-at="2015-01-14T10:17:55Z" finished-at="2015-01-14T10:17:55Z">
          <reporter-output>
          </reporter-output>
        </test-method> <!-- runTest -->
        <test-method status="PASS" signature="runTest()[pri:0, instance:com.extended.list.ExtendedListPerformanceTest@44822268]" name="runTest" duration-ms="851" started-at="2015-01-14T10:17:55Z" finished-at="2015-01-14T10:17:56Z">
          <reporter-output>
          </reporter-output>
        </test-method> <!-- runTest -->
        <test-method status="PASS" signature="runTest()[pri:0, instance:com.extended.list.ExtendedListPerformanceTest@44822268]" name="runTest" duration-ms="630" started-at="2015-01-14T10:17:56Z" finished-at="2015-01-14T10:17:56Z">
          <reporter-output>
          </reporter-output>
        </test-method> <!-- runTest -->
        <test-method status="PASS" signature="validation()[pri:0, instance:com.extended.list.ExtendedListPerformanceTest@44822268]" name="validation" is-config="true" duration-ms="3" started-at="2015-01-14T10:17:56Z" finished-at="2015-01-14T10:17:56Z">
          <reporter-output>
          </reporter-output>
        </test-method> <!-- validation -->
      </class> <!-- com.extended.list.ExtendedListPerformanceTest -->
    </test> <!-- Default test -->
  </suite> <!-- Default suite -->
</testng-results>
